#
# There is insufficient memory for the Java Runtime Environment to continue.
# Native memory allocation (malloc) failed to allocate 186752 bytes for Chunk::new
# Possible reasons:
#   The system is out of physical RAM or swap space
#   The process is running with CompressedOops enabled, and the Java Heap may be blocking the growth of the native heap
# Possible solutions:
#   Reduce memory load on the system
#   Increase physical memory or swap space
#   Check if swap backing store is full
#   Decrease Java heap size (-Xmx/-Xms)
#   Decrease number of Java threads
#   Decrease Java thread stack sizes (-Xss)
#   Set larger code cache with -XX:ReservedCodeCacheSize=
#   JVM is running with Unscaled Compressed Oops mode in which the Java heap is
#     placed in the first 4GB address space. The Java Heap base address is the
#     maximum limit for the native heap growth. Please use -XX:HeapBaseMinAddress
#     to set the Java Heap base and to place the Java Heap above 4GB virtual address.
# This output file may be truncated or incomplete.
#
#  Out of Memory Error (arena.cpp:189), pid=82500, tid=88068
#
# JRE version: OpenJDK Runtime Environment JBR-17.0.4.1+7-469.62-jcef (17.0.4.1+7) (build 17.0.4.1+7-b469.62)
# Java VM: OpenJDK 64-Bit Server VM JBR-17.0.4.1+7-469.62-jcef (17.0.4.1+7-b469.62, mixed mode, tiered, compressed oops, compressed class ptrs, g1 gc, windows-amd64)
# No core dump will be written. Minidumps are not enabled by default on client versions of Windows
#

---------------  S U M M A R Y ------------

Command Line: -Dawt.toolkit=com.intellij.desktop.DesktopActionsToolkit -Djava.rmi.server.hostname=127.0.0.1 -Duser.timezone=UTC -Xmx750m -Xms128m --add-exports=java.desktop/sun.awt=ALL-UNNAMED --add-exports=java.desktop/java.awt.peer=ALL-UNNAMED --add-opens=java.desktop/java.awt=ALL-UNNAMED --add-opens=jdk.unsupported/sun.misc=ALL-UNNAMED --add-opens=java.base/java.nio=ALL-UNNAMED -Dfile.encoding=UTF-8 com.intellij.database.remote.RemoteJdbcServer org.postgresql.Driver

Host: 11th Gen Intel(R) Core(TM) i5-1135G7 @ 2.40GHz, 8 cores, 7G,  Windows 11 , 64 bit Build 22000 (10.0.22000.1219)
Time: Wed Dec  7 22:15:45 2022 GTB Standard Time elapsed time: 0.563126 seconds (0d 0h 0m 0s)

---------------  T H R E A D  ---------------

Current thread (0x00000208be01bb90):  JavaThread "C2 CompilerThread0" daemon [_thread_in_native, id=88068, stack(0x0000009960600000,0x0000009960700000)]


Current CompileTask:
C2:    563  904       4       java.lang.String::substring (58 bytes)

Stack: [0x0000009960600000,0x0000009960700000]
Native frames: (J=compiled Java code, j=interpreted, Vv=VM code, C=native code)
V  [jvm.dll+0x68356a]
V  [jvm.dll+0x83fab4]
V  [jvm.dll+0x84125e]
V  [jvm.dll+0x8418c3]
V  [jvm.dll+0x249735]
V  [jvm.dll+0xabd5c]
V  [jvm.dll+0xac32c]
V  [jvm.dll+0x368897]
V  [jvm.dll+0x332d71]
V  [jvm.dll+0x33221a]
V  [jvm.dll+0x21be41]
V  [jvm.dll+0x21b261]
V  [jvm.dll+0x1a4dfd]
V  [jvm.dll+0x22acd8]
V  [jvm.dll+0x228d89]
V  [jvm.dll+0x7f53ac]
V  [jvm.dll+0x7ef8da]
V  [jvm.dll+0x6823a5]
C  [ucrtbase.dll+0x26c0c]
C  [KERNEL32.DLL+0x15550]
C  [ntdll.dll+0x485b]


---------------  P R O C E S S  ---------------

Threads class SMR info:
_java_thread_list=0x00000208be57f270, length=23, elements={
0x00000208a43b5910, 0x00000208bd43d020, 0x00000208bd43d9e0, 0x00000208bd44b770,
0x00000208bd44e040, 0x00000208bd44e900, 0x00000208be01ab90, 0x00000208be01bb90,
0x00000208be01ec40, 0x00000208be0224a0, 0x00000208be1c2c10, 0x00000208be1c34e0,
0x00000208be35b740, 0x00000208be4d6680, 0x00000208be4d6f60, 0x00000208be520f00,
0x00000208be2eb770, 0x00000208be2ebc40, 0x00000208be2ec110, 0x00000208be56c640,
0x00000208be265440, 0x00000208be264f70, 0x00000208be267ac0
}

Java Threads: ( => current thread )
  0x00000208a43b5910 JavaThread "main" [_thread_blocked, id=88908, stack(0x000000995f900000,0x000000995fa00000)]
  0x00000208bd43d020 JavaThread "Reference Handler" daemon [_thread_blocked, id=88372, stack(0x0000009960000000,0x0000009960100000)]
  0x00000208bd43d9e0 JavaThread "Finalizer" daemon [_thread_blocked, id=84676, stack(0x0000009960100000,0x0000009960200000)]
  0x00000208bd44b770 JavaThread "Signal Dispatcher" daemon [_thread_blocked, id=88432, stack(0x0000009960200000,0x0000009960300000)]
  0x00000208bd44e040 JavaThread "Attach Listener" daemon [_thread_blocked, id=83888, stack(0x0000009960300000,0x0000009960400000)]
  0x00000208bd44e900 JavaThread "Service Thread" daemon [_thread_blocked, id=72380, stack(0x0000009960400000,0x0000009960500000)]
  0x00000208be01ab90 JavaThread "Monitor Deflation Thread" daemon [_thread_blocked, id=69700, stack(0x0000009960500000,0x0000009960600000)]
=>0x00000208be01bb90 JavaThread "C2 CompilerThread0" daemon [_thread_in_native, id=88068, stack(0x0000009960600000,0x0000009960700000)]
  0x00000208be01ec40 JavaThread "C1 CompilerThread0" daemon [_thread_blocked, id=77196, stack(0x0000009960700000,0x0000009960800000)]
  0x00000208be0224a0 JavaThread "Sweeper thread" daemon [_thread_blocked, id=83900, stack(0x0000009960800000,0x0000009960900000)]
  0x00000208be1c2c10 JavaThread "Common-Cleaner" daemon [_thread_blocked, id=86876, stack(0x0000009960900000,0x0000009960a00000)]
  0x00000208be1c34e0 JavaThread "Notification Thread" daemon [_thread_blocked, id=87424, stack(0x0000009960a00000,0x0000009960b00000)]
  0x00000208be35b740 JavaThread "Java2D Disposer" daemon [_thread_blocked, id=88488, stack(0x0000009960c00000,0x0000009960d00000)]
  0x00000208be4d6680 JavaThread "AWT-Shutdown" [_thread_blocked, id=71088, stack(0x0000009960d00000,0x0000009960e00000)]
  0x00000208be4d6f60 JavaThread "AWT-Windows" daemon [_thread_in_native, id=74524, stack(0x0000009960e00000,0x0000009960f00000)]
  0x00000208be520f00 JavaThread "RMI TCP Accept-50237" daemon [_thread_in_native, id=78028, stack(0x0000009960f00000,0x0000009961000000)]
  0x00000208be2eb770 JavaThread "RMI TCP Accept-0" daemon [_thread_in_native, id=79212, stack(0x0000009961000000,0x0000009961100000)]
  0x00000208be2ebc40 JavaThread "RMI Reaper" [_thread_blocked, id=86816, stack(0x0000009961100000,0x0000009961200000)]
  0x00000208be2ec110 JavaThread "RMI GC Daemon" daemon [_thread_blocked, id=59224, stack(0x0000009961200000,0x0000009961300000)]
  0x00000208be56c640 JavaThread "RMI TCP Connection(1)-127.0.0.1" daemon [_thread_in_native, id=69468, stack(0x0000009961300000,0x0000009961400000)]
  0x00000208be265440 JavaThread "RMI Scheduler(0)" daemon [_thread_blocked, id=88964, stack(0x0000009961400000,0x0000009961500000)]
  0x00000208be264f70 JavaThread "RMI TCP Connection(2)-127.0.0.1" daemon [_thread_in_vm_trans, id=85892, stack(0x0000009961500000,0x0000009961600000)]
  0x00000208be267ac0 JavaThread "RMI RenewClean-[127.0.0.1:59170]" daemon [_thread_blocked, id=88956, stack(0x0000009961600000,0x0000009961700000)]

Other Threads:
  0x00000208bd3c0910 VMThread "VM Thread" [stack: 0x000000995ff00000,0x0000009960000000] [id=87576]
  0x00000208be1c3dc0 WatcherThread [stack: 0x0000009960b00000,0x0000009960c00000] [id=87068]
  0x00000208a43eb5c0 GCTaskThread "GC Thread#0" [stack: 0x000000995fa00000,0x000000995fb00000] [id=76576]
  0x00000208a43f31e0 ConcurrentGCThread "G1 Main Marker" [stack: 0x000000995fb00000,0x000000995fc00000] [id=74180]
  0x00000208a43f3c60 ConcurrentGCThread "G1 Conc#0" [stack: 0x000000995fc00000,0x000000995fd00000] [id=47784]
  0x00000208a447e4f0 ConcurrentGCThread "G1 Refine#0" [stack: 0x000000995fd00000,0x000000995fe00000] [id=77680]
  0x00000208a447ecc0 ConcurrentGCThread "G1 Service" [stack: 0x000000995fe00000,0x000000995ff00000] [id=81744]

Threads with active compile tasks:
C2 CompilerThread0      575  904       4       java.lang.String::substring (58 bytes)
C1 CompilerThread0      575  948       1       sun.security.util.KnownOIDs::value (5 bytes)

VM state: not at safepoint (normal execution)

VM Mutex/Monitor currently owned by a thread: None

Heap address: 0x00000000d1200000, size: 750 MB, Compressed Oops mode: 32-bit

CDS archive(s) not mapped
Compressed class space mapped at: 0x0000000100000000-0x0000000140000000, reserved size: 1073741824
Narrow klass base: 0x0000000000000000, Narrow klass shift: 3, Narrow klass range: 0x140000000

GC Precious Log:
 CPUs: 8 total, 8 available
 Memory: 7991M
 Large Page Support: Disabled
 NUMA Support: Disabled
 Compressed Oops: Enabled (32-bit)
 Heap Region Size: 1M
 Heap Min Capacity: 128M
 Heap Initial Capacity: 128M
 Heap Max Capacity: 750M
 Pre-touch: Disabled
 Parallel Workers: 8
 Concurrent Workers: 2
 Concurrent Refinement Workers: 8
 Periodic GC: Disabled

Heap:
 garbage-first heap   total 131072K, used 13312K [0x00000000d1200000, 0x0000000100000000)
  region size 1024K, 15 young (15360K), 0 survivors (0K)
 Metaspace       used 15975K, committed 16192K, reserved 1064960K
  class space    used 1669K, committed 1792K, reserved 1048576K

Heap Regions: E=young(eden), S=young(survivor), O=old, HS=humongous(starts), HC=humongous(continues), CS=collection set, F=free, OA=open archive, CA=closed archive, TAMS=top-at-mark-start (previous, next)
|   0|0x00000000d1200000, 0x00000000d1200000, 0x00000000d1300000|  0%| F|  |TAMS 0x00000000d1200000, 0x00000000d1200000| Untracked 
|   1|0x00000000d1300000, 0x00000000d1300000, 0x00000000d1400000|  0%| F|  |TAMS 0x00000000d1300000, 0x00000000d1300000| Untracked 
|   2|0x00000000d1400000, 0x00000000d1400000, 0x00000000d1500000|  0%| F|  |TAMS 0x00000000d1400000, 0x00000000d1400000| Untracked 
|   3|0x00000000d1500000, 0x00000000d1500000, 0x00000000d1600000|  0%| F|  |TAMS 0x00000000d1500000, 0x00000000d1500000| Untracked 
|   4|0x00000000d1600000, 0x00000000d1600000, 0x00000000d1700000|  0%| F|  |TAMS 0x00000000d1600000, 0x00000000d1600000| Untracked 
|   5|0x00000000d1700000, 0x00000000d1700000, 0x00000000d1800000|  0%| F|  |TAMS 0x00000000d1700000, 0x00000000d1700000| Untracked 
|   6|0x00000000d1800000, 0x00000000d1800000, 0x00000000d1900000|  0%| F|  |TAMS 0x00000000d1800000, 0x00000000d1800000| Untracked 
|   7|0x00000000d1900000, 0x00000000d1900000, 0x00000000d1a00000|  0%| F|  |TAMS 0x00000000d1900000, 0x00000000d1900000| Untracked 
|   8|0x00000000d1a00000, 0x00000000d1a00000, 0x00000000d1b00000|  0%| F|  |TAMS 0x00000000d1a00000, 0x00000000d1a00000| Untracked 
|   9|0x00000000d1b00000, 0x00000000d1b00000, 0x00000000d1c00000|  0%| F|  |TAMS 0x00000000d1b00000, 0x00000000d1b00000| Untracked 
|  10|0x00000000d1c00000, 0x00000000d1c00000, 0x00000000d1d00000|  0%| F|  |TAMS 0x00000000d1c00000, 0x00000000d1c00000| Untracked 
|  11|0x00000000d1d00000, 0x00000000d1d00000, 0x00000000d1e00000|  0%| F|  |TAMS 0x00000000d1d00000, 0x00000000d1d00000| Untracked 
|  12|0x00000000d1e00000, 0x00000000d1e00000, 0x00000000d1f00000|  0%| F|  |TAMS 0x00000000d1e00000, 0x00000000d1e00000| Untracked 
|  13|0x00000000d1f00000, 0x00000000d1f00000, 0x00000000d2000000|  0%| F|  |TAMS 0x00000000d1f00000, 0x00000000d1f00000| Untracked 
|  14|0x00000000d2000000, 0x00000000d2000000, 0x00000000d2100000|  0%| F|  |TAMS 0x00000000d2000000, 0x00000000d2000000| Untracked 
|  15|0x00000000d2100000, 0x00000000d2100000, 0x00000000d2200000|  0%| F|  |TAMS 0x00000000d2100000, 0x00000000d2100000| Untracked 
|  16|0x00000000d2200000, 0x00000000d2200000, 0x00000000d2300000|  0%| F|  |TAMS 0x00000000d2200000, 0x00000000d2200000| Untracked 
|  17|0x00000000d2300000, 0x00000000d2300000, 0x00000000d2400000|  0%| F|  |TAMS 0x00000000d2300000, 0x00000000d2300000| Untracked 
|  18|0x00000000d2400000, 0x00000000d2400000, 0x00000000d2500000|  0%| F|  |TAMS 0x00000000d2400000, 0x00000000d2400000| Untracked 
|  19|0x00000000d2500000, 0x00000000d2500000, 0x00000000d2600000|  0%| F|  |TAMS 0x00000000d2500000, 0x00000000d2500000| Untracked 
|  20|0x00000000d2600000, 0x00000000d2600000, 0x00000000d2700000|  0%| F|  |TAMS 0x00000000d2600000, 0x00000000d2600000| Untracked 
|  21|0x00000000d2700000, 0x00000000d2700000, 0x00000000d2800000|  0%| F|  |TAMS 0x00000000d2700000, 0x00000000d2700000| Untracked 
|  22|0x00000000d2800000, 0x00000000d2800000, 0x00000000d2900000|  0%| F|  |TAMS 0x00000000d2800000, 0x00000000d2800000| Untracked 
|  23|0x00000000d2900000, 0x00000000d2900000, 0x00000000d2a00000|  0%| F|  |TAMS 0x00000000d2900000, 0x00000000d2900000| Untracked 
|  24|0x00000000d2a00000, 0x00000000d2a00000, 0x00000000d2b00000|  0%| F|  |TAMS 0x00000000d2a00000, 0x00000000d2a00000| Untracked 
|  25|0x00000000d2b00000, 0x00000000d2b00000, 0x00000000d2c00000|  0%| F|  |TAMS 0x00000000d2b00000, 0x00000000d2b00000| Untracked 
|  26|0x00000000d2c00000, 0x00000000d2c00000, 0x00000000d2d00000|  0%| F|  |TAMS 0x00000000d2c00000, 0x00000000d2c00000| Untracked 
|  27|0x00000000d2d00000, 0x00000000d2d00000, 0x00000000d2e00000|  0%| F|  |TAMS 0x00000000d2d00000, 0x00000000d2d00000| Untracked 
|  28|0x00000000d2e00000, 0x00000000d2e00000, 0x00000000d2f00000|  0%| F|  |TAMS 0x00000000d2e00000, 0x00000000d2e00000| Untracked 
|  29|0x00000000d2f00000, 0x00000000d2f00000, 0x00000000d3000000|  0%| F|  |TAMS 0x00000000d2f00000, 0x00000000d2f00000| Untracked 
|  30|0x00000000d3000000, 0x00000000d3000000, 0x00000000d3100000|  0%| F|  |TAMS 0x00000000d3000000, 0x00000000d3000000| Untracked 
|  31|0x00000000d3100000, 0x00000000d3100000, 0x00000000d3200000|  0%| F|  |TAMS 0x00000000d3100000, 0x00000000d3100000| Untracked 
|  32|0x00000000d3200000, 0x00000000d3200000, 0x00000000d3300000|  0%| F|  |TAMS 0x00000000d3200000, 0x00000000d3200000| Untracked 
|  33|0x00000000d3300000, 0x00000000d3300000, 0x00000000d3400000|  0%| F|  |TAMS 0x00000000d3300000, 0x00000000d3300000| Untracked 
|  34|0x00000000d3400000, 0x00000000d3400000, 0x00000000d3500000|  0%| F|  |TAMS 0x00000000d3400000, 0x00000000d3400000| Untracked 
|  35|0x00000000d3500000, 0x00000000d3500000, 0x00000000d3600000|  0%| F|  |TAMS 0x00000000d3500000, 0x00000000d3500000| Untracked 
|  36|0x00000000d3600000, 0x00000000d3600000, 0x00000000d3700000|  0%| F|  |TAMS 0x00000000d3600000, 0x00000000d3600000| Untracked 
|  37|0x00000000d3700000, 0x00000000d3700000, 0x00000000d3800000|  0%| F|  |TAMS 0x00000000d3700000, 0x00000000d3700000| Untracked 
|  38|0x00000000d3800000, 0x00000000d3800000, 0x00000000d3900000|  0%| F|  |TAMS 0x00000000d3800000, 0x00000000d3800000| Untracked 
|  39|0x00000000d3900000, 0x00000000d3900000, 0x00000000d3a00000|  0%| F|  |TAMS 0x00000000d3900000, 0x00000000d3900000| Untracked 
|  40|0x00000000d3a00000, 0x00000000d3a00000, 0x00000000d3b00000|  0%| F|  |TAMS 0x00000000d3a00000, 0x00000000d3a00000| Untracked 
|  41|0x00000000d3b00000, 0x00000000d3b00000, 0x00000000d3c00000|  0%| F|  |TAMS 0x00000000d3b00000, 0x00000000d3b00000| Untracked 
|  42|0x00000000d3c00000, 0x00000000d3c00000, 0x00000000d3d00000|  0%| F|  |TAMS 0x00000000d3c00000, 0x00000000d3c00000| Untracked 
|  43|0x00000000d3d00000, 0x00000000d3d00000, 0x00000000d3e00000|  0%| F|  |TAMS 0x00000000d3d00000, 0x00000000d3d00000| Untracked 
|  44|0x00000000d3e00000, 0x00000000d3e00000, 0x00000000d3f00000|  0%| F|  |TAMS 0x00000000d3e00000, 0x00000000d3e00000| Untracked 
|  45|0x00000000d3f00000, 0x00000000d3f00000, 0x00000000d4000000|  0%| F|  |TAMS 0x00000000d3f00000, 0x00000000d3f00000| Untracked 
|  46|0x00000000d4000000, 0x00000000d4000000, 0x00000000d4100000|  0%| F|  |TAMS 0x00000000d4000000, 0x00000000d4000000| Untracked 
|  47|0x00000000d4100000, 0x00000000d4100000, 0x00000000d4200000|  0%| F|  |TAMS 0x00000000d4100000, 0x00000000d4100000| Untracked 
|  48|0x00000000d4200000, 0x00000000d4200000, 0x00000000d4300000|  0%| F|  |TAMS 0x00000000d4200000, 0x00000000d4200000| Untracked 
|  49|0x00000000d4300000, 0x00000000d4300000, 0x00000000d4400000|  0%| F|  |TAMS 0x00000000d4300000, 0x00000000d4300000| Untracked 
|  50|0x00000000d4400000, 0x00000000d4400000, 0x00000000d4500000|  0%| F|  |TAMS 0x00000000d4400000, 0x00000000d4400000| Untracked 
|  51|0x00000000d4500000, 0x00000000d4500000, 0x00000000d4600000|  0%| F|  |TAMS 0x00000000d4500000, 0x00000000d4500000| Untracked 
|  52|0x00000000d4600000, 0x00000000d4600000, 0x00000000d4700000|  0%| F|  |TAMS 0x00000000d4600000, 0x00000000d4600000| Untracked 
|  53|0x00000000d4700000, 0x00000000d4700000, 0x00000000d4800000|  0%| F|  |TAMS 0x00000000d4700000, 0x00000000d4700000| Untracked 
|  54|0x00000000d4800000, 0x00000000d4800000, 0x00000000d4900000|  0%| F|  |TAMS 0x00000000d4800000, 0x00000000d4800000| Untracked 
|  55|0x00000000d4900000, 0x00000000d4900000, 0x00000000d4a00000|  0%| F|  |TAMS 0x00000000d4900000, 0x00000000d4900000| Untracked 
|  56|0x00000000d4a00000, 0x00000000d4a00000, 0x00000000d4b00000|  0%| F|  |TAMS 0x00000000d4a00000, 0x00000000d4a00000| Untracked 
|  57|0x00000000d4b00000, 0x00000000d4b00000, 0x00000000d4c00000|  0%| F|  |TAMS 0x00000000d4b00000, 0x00000000d4b00000| Untracked 
|  58|0x00000000d4c00000, 0x00000000d4c00000, 0x00000000d4d00000|  0%| F|  |TAMS 0x00000000d4c00000, 0x00000000d4c00000| Untracked 
|  59|0x00000000d4d00000, 0x00000000d4d00000, 0x00000000d4e00000|  0%| F|  |TAMS 0x00000000d4d00000, 0x00000000d4d00000| Untracked 
|  60|0x00000000d4e00000, 0x00000000d4e00000, 0x00000000d4f00000|  0%| F|  |TAMS 0x00000000d4e00000, 0x00000000d4e00000| Untracked 
|  61|0x00000000d4f00000, 0x00000000d4f00000, 0x00000000d5000000|  0%| F|  |TAMS 0x00000000d4f00000, 0x00000000d4f00000| Untracked 
|  62|0x00000000d5000000, 0x00000000d5000000, 0x00000000d5100000|  0%| F|  |TAMS 0x00000000d5000000, 0x00000000d5000000| Untracked 
|  63|0x00000000d5100000, 0x00000000d5100000, 0x00000000d5200000|  0%| F|  |TAMS 0x00000000d5100000, 0x00000000d5100000| Untracked 
|  64|0x00000000d5200000, 0x00000000d5200000, 0x00000000d5300000|  0%| F|  |TAMS 0x00000000d5200000, 0x00000000d5200000| Untracked 
|  65|0x00000000d5300000, 0x00000000d5300000, 0x00000000d5400000|  0%| F|  |TAMS 0x00000000d5300000, 0x00000000d5300000| Untracked 
|  66|0x00000000d5400000, 0x00000000d5400000, 0x00000000d5500000|  0%| F|  |TAMS 0x00000000d5400000, 0x00000000d5400000| Untracked 
|  67|0x00000000d5500000, 0x00000000d5500000, 0x00000000d5600000|  0%| F|  |TAMS 0x00000000d5500000, 0x00000000d5500000| Untracked 
|  68|0x00000000d5600000, 0x00000000d5600000, 0x00000000d5700000|  0%| F|  |TAMS 0x00000000d5600000, 0x00000000d5600000| Untracked 
|  69|0x00000000d5700000, 0x00000000d5700000, 0x00000000d5800000|  0%| F|  |TAMS 0x00000000d5700000, 0x00000000d5700000| Untracked 
|  70|0x00000000d5800000, 0x00000000d5800000, 0x00000000d5900000|  0%| F|  |TAMS 0x00000000d5800000, 0x00000000d5800000| Untracked 
|  71|0x00000000d5900000, 0x00000000d5900000, 0x00000000d5a00000|  0%| F|  |TAMS 0x00000000d5900000, 0x00000000d5900000| Untracked 
|  72|0x00000000d5a00000, 0x00000000d5a00000, 0x00000000d5b00000|  0%| F|  |TAMS 0x00000000d5a00000, 0x00000000d5a00000| Untracked 
|  73|0x00000000d5b00000, 0x00000000d5b00000, 0x00000000d5c00000|  0%| F|  |TAMS 0x00000000d5b00000, 0x00000000d5b00000| Untracked 
|  74|0x00000000d5c00000, 0x00000000d5c00000, 0x00000000d5d00000|  0%| F|  |TAMS 0x00000000d5c00000, 0x00000000d5c00000| Untracked 
|  75|0x00000000d5d00000, 0x00000000d5d00000, 0x00000000d5e00000|  0%| F|  |TAMS 0x00000000d5d00000, 0x00000000d5d00000| Untracked 
|  76|0x00000000d5e00000, 0x00000000d5e00000, 0x00000000d5f00000|  0%| F|  |TAMS 0x00000000d5e00000, 0x00000000d5e00000| Untracked 
|  77|0x00000000d5f00000, 0x00000000d5f00000, 0x00000000d6000000|  0%| F|  |TAMS 0x00000000d5f00000, 0x00000000d5f00000| Untracked 
|  78|0x00000000d6000000, 0x00000000d6000000, 0x00000000d6100000|  0%| F|  |TAMS 0x00000000d6000000, 0x00000000d6000000| Untracked 
|  79|0x00000000d6100000, 0x00000000d6100000, 0x00000000d6200000|  0%| F|  |TAMS 0x00000000d6100000, 0x00000000d6100000| Untracked 
|  80|0x00000000d6200000, 0x00000000d6200000, 0x00000000d6300000|  0%| F|  |TAMS 0x00000000d6200000, 0x00000000d6200000| Untracked 
|  81|0x00000000d6300000, 0x00000000d6300000, 0x00000000d6400000|  0%| F|  |TAMS 0x00000000d6300000, 0x00000000d6300000| Untracked 
|  82|0x00000000d6400000, 0x00000000d6400000, 0x00000000d6500000|  0%| F|  |TAMS 0x00000000d6400000, 0x00000000d6400000| Untracked 
|  83|0x00000000d6500000, 0x00000000d6500000, 0x00000000d6600000|  0%| F|  |TAMS 0x00000000d6500000, 0x00000000d6500000| Untracked 
|  84|0x00000000d6600000, 0x00000000d6600000, 0x00000000d6700000|  0%| F|  |TAMS 0x00000000d6600000, 0x00000000d6600000| Untracked 
|  85|0x00000000d6700000, 0x00000000d6700000, 0x00000000d6800000|  0%| F|  |TAMS 0x00000000d6700000, 0x00000000d6700000| Untracked 
|  86|0x00000000d6800000, 0x00000000d6800000, 0x00000000d6900000|  0%| F|  |TAMS 0x00000000d6800000, 0x00000000d6800000| Untracked 
|  87|0x00000000d6900000, 0x00000000d6900000, 0x00000000d6a00000|  0%| F|  |TAMS 0x00000000d6900000, 0x00000000d6900000| Untracked 
|  88|0x00000000d6a00000, 0x00000000d6a00000, 0x00000000d6b00000|  0%| F|  |TAMS 0x00000000d6a00000, 0x00000000d6a00000| Untracked 
|  89|0x00000000d6b00000, 0x00000000d6b00000, 0x00000000d6c00000|  0%| F|  |TAMS 0x00000000d6b00000, 0x00000000d6b00000| Untracked 
|  90|0x00000000d6c00000, 0x00000000d6c00000, 0x00000000d6d00000|  0%| F|  |TAMS 0x00000000d6c00000, 0x00000000d6c00000| Untracked 
|  91|0x00000000d6d00000, 0x00000000d6d00000, 0x00000000d6e00000|  0%| F|  |TAMS 0x00000000d6d00000, 0x00000000d6d00000| Untracked 
|  92|0x00000000d6e00000, 0x00000000d6e00000, 0x00000000d6f00000|  0%| F|  |TAMS 0x00000000d6e00000, 0x00000000d6e00000| Untracked 
|  93|0x00000000d6f00000, 0x00000000d6f00000, 0x00000000d7000000|  0%| F|  |TAMS 0x00000000d6f00000, 0x00000000d6f00000| Untracked 
|  94|0x00000000d7000000, 0x00000000d7000000, 0x00000000d7100000|  0%| F|  |TAMS 0x00000000d7000000, 0x00000000d7000000| Untracked 
|  95|0x00000000d7100000, 0x00000000d7100000, 0x00000000d7200000|  0%| F|  |TAMS 0x00000000d7100000, 0x00000000d7100000| Untracked 
|  96|0x00000000d7200000, 0x00000000d7200000, 0x00000000d7300000|  0%| F|  |TAMS 0x00000000d7200000, 0x00000000d7200000| Untracked 
|  97|0x00000000d7300000, 0x00000000d7300000, 0x00000000d7400000|  0%| F|  |TAMS 0x00000000d7300000, 0x00000000d7300000| Untracked 
|  98|0x00000000d7400000, 0x00000000d7400000, 0x00000000d7500000|  0%| F|  |TAMS 0x00000000d7400000, 0x00000000d7400000| Untracked 
|  99|0x00000000d7500000, 0x00000000d7500000, 0x00000000d7600000|  0%| F|  |TAMS 0x00000000d7500000, 0x00000000d7500000| Untracked 
| 100|0x00000000d7600000, 0x00000000d7600000, 0x00000000d7700000|  0%| F|  |TAMS 0x00000000d7600000, 0x00000000d7600000| Untracked 
| 101|0x00000000d7700000, 0x00000000d7700000, 0x00000000d7800000|  0%| F|  |TAMS 0x00000000d7700000, 0x00000000d7700000| Untracked 
| 102|0x00000000d7800000, 0x00000000d7800000, 0x00000000d7900000|  0%| F|  |TAMS 0x00000000d7800000, 0x00000000d7800000| Untracked 
| 103|0x00000000d7900000, 0x00000000d7900000, 0x00000000d7a00000|  0%| F|  |TAMS 0x00000000d7900000, 0x00000000d7900000| Untracked 
| 104|0x00000000d7a00000, 0x00000000d7a00000, 0x00000000d7b00000|  0%| F|  |TAMS 0x00000000d7a00000, 0x00000000d7a00000| Untracked 
| 105|0x00000000d7b00000, 0x00000000d7b00000, 0x00000000d7c00000|  0%| F|  |TAMS 0x00000000d7b00000, 0x00000000d7b00000| Untracked 
| 106|0x00000000d7c00000, 0x00000000d7c00000, 0x00000000d7d00000|  0%| F|  |TAMS 0x00000000d7c00000, 0x00000000d7c00000| Untracked 
| 107|0x00000000d7d00000, 0x00000000d7d00000, 0x00000000d7e00000|  0%| F|  |TAMS 0x00000000d7d00000, 0x00000000d7d00000| Untracked 
| 108|0x00000000d7e00000, 0x00000000d7e00000, 0x00000000d7f00000|  0%| F|  |TAMS 0x00000000d7e00000, 0x00000000d7e00000| Untracked 
| 109|0x00000000d7f00000, 0x00000000d7f00000, 0x00000000d8000000|  0%| F|  |TAMS 0x00000000d7f00000, 0x00000000d7f00000| Untracked 
| 110|0x00000000d8000000, 0x00000000d8000000, 0x00000000d8100000|  0%| F|  |TAMS 0x00000000d8000000, 0x00000000d8000000| Untracked 
| 111|0x00000000d8100000, 0x00000000d8100000, 0x00000000d8200000|  0%| F|  |TAMS 0x00000000d8100000, 0x00000000d8100000| Untracked 
| 112|0x00000000d8200000, 0x00000000d8276c58, 0x00000000d8300000| 46%| E|  |TAMS 0x00000000d8200000, 0x00000000d8200000| Complete 
| 113|0x00000000d8300000, 0x00000000d8400000, 0x00000000d8400000|100%| E|CS|TAMS 0x00000000d8300000, 0x00000000d8300000| Complete 
| 114|0x00000000d8400000, 0x00000000d8500000, 0x00000000d8500000|100%| E|  |TAMS 0x00000000d8400000, 0x00000000d8400000| Complete 
| 115|0x00000000d8500000, 0x00000000d8600000, 0x00000000d8600000|100%| E|CS|TAMS 0x00000000d8500000, 0x00000000d8500000| Complete 
| 116|0x00000000d8600000, 0x00000000d8700000, 0x00000000d8700000|100%| E|CS|TAMS 0x00000000d8600000, 0x00000000d8600000| Complete 
| 117|0x00000000d8700000, 0x00000000d8800000, 0x00000000d8800000|100%| E|CS|TAMS 0x00000000d8700000, 0x00000000d8700000| Complete 
| 118|0x00000000d8800000, 0x00000000d8900000, 0x00000000d8900000|100%| E|CS|TAMS 0x00000000d8800000, 0x00000000d8800000| Complete 
| 119|0x00000000d8900000, 0x00000000d8a00000, 0x00000000d8a00000|100%| E|CS|TAMS 0x00000000d8900000, 0x00000000d8900000| Complete 
| 120|0x00000000d8a00000, 0x00000000d8b00000, 0x00000000d8b00000|100%| E|CS|TAMS 0x00000000d8a00000, 0x00000000d8a00000| Complete 
| 121|0x00000000d8b00000, 0x00000000d8c00000, 0x00000000d8c00000|100%| E|CS|TAMS 0x00000000d8b00000, 0x00000000d8b00000| Complete 
| 122|0x00000000d8c00000, 0x00000000d8d00000, 0x00000000d8d00000|100%| E|CS|TAMS 0x00000000d8c00000, 0x00000000d8c00000| Complete 
| 123|0x00000000d8d00000, 0x00000000d8e00000, 0x00000000d8e00000|100%| E|CS|TAMS 0x00000000d8d00000, 0x00000000d8d00000| Complete 
| 124|0x00000000d8e00000, 0x00000000d8f00000, 0x00000000d8f00000|100%| E|CS|TAMS 0x00000000d8e00000, 0x00000000d8e00000| Complete 
| 125|0x00000000d8f00000, 0x00000000d9000000, 0x00000000d9000000|100%| E|CS|TAMS 0x00000000d8f00000, 0x00000000d8f00000| Complete 
| 126|0x00000000d9000000, 0x00000000d9100000, 0x00000000d9100000|100%| E|CS|TAMS 0x00000000d9000000, 0x00000000d9000000| Complete 
| 127|0x00000000d9100000, 0x00000000d9200000, 0x00000000d9200000|100%| E|CS|TAMS 0x00000000d9100000, 0x00000000d9100000| Complete 

Card table byte_map: [0x00000208b8f00000,0x00000208b9080000] _byte_map_base: 0x00000208b8877000

Marking Bits (Prev, Next): (CMBitMap*) 0x00000208a43ecaf0, (CMBitMap*) 0x00000208a43ecb30
 Prev Bits: [0x00000208b9200000, 0x00000208b9db8000)
 Next Bits: [0x00000208b9dc0000, 0x00000208ba978000)

Polling page: 0x00000208a4480000

Metaspace:

Usage:
  Non-class:     14.03 MB used.
      Class:      1.64 MB used.
       Both:     15.67 MB used.

Virtual space:
  Non-class space:       16.00 MB reserved,      14.12 MB ( 88%) committed,  2 nodes.
      Class space:        1.00 GB reserved,       1.75 MB ( <1%) committed,  1 nodes.
             Both:        1.02 GB reserved,      15.88 MB (  2%) committed. 

Chunk freelists:
   Non-Class:  960.00 KB
       Class:  2.17 MB
        Both:  3.11 MB

MaxMetaspaceSize: unlimited
CompressedClassSpaceSize: 1.00 GB
Initial GC threshold: 21.00 MB
Current GC threshold: 21.00 MB
CDS: off
MetaspaceReclaimPolicy: balanced
 - commit_granule_bytes: 65536.
 - commit_granule_words: 8192.
 - virtual_space_node_default_size: 1048576.
 - enlarge_chunks_in_place: 1.
 - new_chunks_are_fully_committed: 0.
 - uncommit_free_chunks: 1.
 - use_allocation_guard: 0.
 - handle_deallocations: 1.


Internal statistics:

num_allocs_failed_limit: 0.
num_arena_births: 200.
num_arena_deaths: 0.
num_vsnodes_births: 3.
num_vsnodes_deaths: 0.
num_space_committed: 255.
num_space_uncommitted: 0.
num_chunks_returned_to_freelist: 0.
num_chunks_taken_from_freelist: 388.
num_chunk_merges: 0.
num_chunk_splits: 215.
num_chunks_enlarged: 100.
num_purges: 0.
num_inconsistent_stats: 0.

CodeHeap 'non-profiled nmethods': size=120000Kb used=289Kb max_used=289Kb free=119710Kb
 bounds [0x00000208b0de0000, 0x00000208b1050000, 0x00000208b8310000]
CodeHeap 'profiled nmethods': size=120000Kb used=1503Kb max_used=1503Kb free=118496Kb
 bounds [0x00000208a98b0000, 0x00000208a9b20000, 0x00000208b0de0000]
CodeHeap 'non-nmethods': size=5760Kb used=1218Kb max_used=1225Kb free=4541Kb
 bounds [0x00000208a9310000, 0x00000208a9580000, 0x00000208a98b0000]
 total_blobs=1464 nmethods=949 adapters=428
 compilation: enabled
              stopped_count=0, restarted_count=0
 full_count=0

Compilation events (20 events):
Event: 0.554 Thread 0x00000208be01bb90  904       4       java.lang.String::substring (58 bytes)
Event: 0.554 Thread 0x00000208be01ec40 nmethod 903 0x00000208a9a0fb10 code [0x00000208a9a0fe40, 0x00000208a9a10e88]
Event: 0.555 Thread 0x00000208be01ec40  905       3       java.security.MessageDigest$Delegate::engineUpdate (11 bytes)
Event: 0.555 Thread 0x00000208be01ec40 nmethod 905 0x00000208a9a11410 code [0x00000208a9a115c0, 0x00000208a9a11788]
Event: 0.555 Thread 0x00000208be01ec40  906       3       sun.security.provider.ByteArrayAccess::b2iBig64 (231 bytes)
Event: 0.560 Thread 0x00000208be01ec40 nmethod 906 0x00000208a9a11890 code [0x00000208a9a12360, 0x00000208a9a18738]
Event: 0.560 Thread 0x00000208be01ec40  908       3       sun.security.provider.SHA2::implCompress0 (490 bytes)
Event: 0.561 Thread 0x00000208be01ec40 nmethod 908 0x00000208a9a1a490 code [0x00000208a9a1a680, 0x00000208a9a1af28]
Event: 0.561 Thread 0x00000208be01ec40  909       3       java.io.InputStream::<init> (5 bytes)
Event: 0.561 Thread 0x00000208be01ec40 nmethod 909 0x00000208a9a1b410 code [0x00000208a9a1b5a0, 0x00000208a9a1b6f8]
Event: 0.561 Thread 0x00000208be01ec40  907       3       java.security.MessageDigest::update (14 bytes)
Event: 0.561 Thread 0x00000208be01ec40 nmethod 907 0x00000208a9a1b790 code [0x00000208a9a1b940, 0x00000208a9a1bc08]
Event: 0.561 Thread 0x00000208be01ec40  911       1       java.nio.HeapByteBuffer::isDirect (2 bytes)
Event: 0.561 Thread 0x00000208be01ec40 nmethod 911 0x00000208b0e26990 code [0x00000208b0e26b20, 0x00000208b0e26bf8]
Event: 0.561 Thread 0x00000208be01ec40  913       3       java.net.URL::isBuiltinStreamHandler (32 bytes)
Event: 0.562 Thread 0x00000208be01ec40 nmethod 913 0x00000208a9a1bd90 code [0x00000208a9a1c080, 0x00000208a9a1d0b8]
Event: 0.562 Thread 0x00000208be01ec40  914       3       java.net.URL::isBuiltinStreamHandler (8 bytes)
Event: 0.562 Thread 0x00000208be01ec40 nmethod 914 0x00000208a9a1d690 code [0x00000208a9a1d840, 0x00000208a9a1da08]
Event: 0.562 Thread 0x00000208be01ec40  915       3       java.util.ArrayDeque::inc (12 bytes)
Event: 0.562 Thread 0x00000208be01ec40 nmethod 915 0x00000208a9a1db10 code [0x00000208a9a1dca0, 0x00000208a9a1ddd8]

GC Heap History (0 events):
No events

Deoptimization events (20 events):
Event: 0.117 Thread 0x00000208a43b5910 Uncommon trap: trap_request=0xffffff45 fr.pc=0x00000208b0de7100 relative=0x00000000000005c0
Event: 0.117 Thread 0x00000208a43b5910 Uncommon trap: reason=unstable_if action=reinterpret pc=0x00000208b0de7100 method=java.util.zip.ZipFile$Source.checkAndAddEntry(II)I @ 50 c2
Event: 0.117 Thread 0x00000208a43b5910 DEOPT PACKING pc=0x00000208b0de7100 sp=0x000000995f9fdeb0
Event: 0.117 Thread 0x00000208a43b5910 DEOPT UNPACKING pc=0x00000208a9365c23 sp=0x000000995f9fde28 mode 2
Event: 0.117 Thread 0x00000208a43b5910 Uncommon trap: trap_request=0xffffff45 fr.pc=0x00000208b0de678c relative=0x000000000000026c
Event: 0.117 Thread 0x00000208a43b5910 Uncommon trap: reason=unstable_if action=reinterpret pc=0x00000208b0de678c method=java.util.zip.ZipCoder$UTF8ZipCoder.checkedHash([BII)I @ 75 c2
Event: 0.117 Thread 0x00000208a43b5910 DEOPT PACKING pc=0x00000208b0de678c sp=0x000000995f9fddf0
Event: 0.117 Thread 0x00000208a43b5910 DEOPT UNPACKING pc=0x00000208a9365c23 sp=0x000000995f9fdd80 mode 2
Event: 0.117 Thread 0x00000208a43b5910 Uncommon trap: trap_request=0xffffff45 fr.pc=0x00000208b0de934c relative=0x000000000000014c
Event: 0.117 Thread 0x00000208a43b5910 Uncommon trap: reason=unstable_if action=reinterpret pc=0x00000208b0de934c method=java.util.zip.ZipFile$Source.isMetaName([BII)Z @ 15 c2
Event: 0.117 Thread 0x00000208a43b5910 DEOPT PACKING pc=0x00000208b0de934c sp=0x000000995f9fdec0
Event: 0.117 Thread 0x00000208a43b5910 DEOPT UNPACKING pc=0x00000208a9365c23 sp=0x000000995f9fde68 mode 2
Event: 0.283 Thread 0x00000208a43b5910 DEOPT PACKING pc=0x00000208a98c5367 sp=0x000000995f9fe770
Event: 0.283 Thread 0x00000208a43b5910 DEOPT UNPACKING pc=0x00000208a9366763 sp=0x000000995f9fdb90 mode 0
Event: 0.291 Thread 0x00000208a43b5910 DEOPT PACKING pc=0x00000208a98c1951 sp=0x000000995f9fcf80
Event: 0.291 Thread 0x00000208a43b5910 DEOPT UNPACKING pc=0x00000208a9366763 sp=0x000000995f9fc3f8 mode 0
Event: 0.344 Thread 0x00000208be264f70 Uncommon trap: trap_request=0xffffff45 fr.pc=0x00000208b0e0e13c relative=0x000000000000049c
Event: 0.344 Thread 0x00000208be264f70 Uncommon trap: reason=unstable_if action=reinterpret pc=0x00000208b0e0e13c method=java.lang.StringLatin1.replace([BCC)Ljava/lang/String; @ 19 c2
Event: 0.344 Thread 0x00000208be264f70 DEOPT PACKING pc=0x00000208b0e0e13c sp=0x00000099615fd930
Event: 0.344 Thread 0x00000208be264f70 DEOPT UNPACKING pc=0x00000208a9365c23 sp=0x00000099615fd8b0 mode 2

Classes unloaded (0 events):
No events

Classes redefined (0 events):
No events

Internal exceptions (20 events):
Event: 0.153 Thread 0x00000208a43b5910 Exception <a 'java/lang/ClassNotFoundException'{0x00000000d8e67418}: sun/awt/resources/spi/awtProvider> (0x00000000d8e67418) 
thrown [s\src\hotspot\share\classfile\systemDictionary.cpp, line 256]
Event: 0.165 Thread 0x00000208a43b5910 Exception <a 'java/io/FileNotFoundException'{0x00000000d8eb2b88}> (0x00000000d8eb2b88) 
thrown [s\src\hotspot\share\prims\jni.cpp, line 517]
Event: 0.169 Thread 0x00000208a43b5910 Exception <a 'java/io/FileNotFoundException'{0x00000000d8edfb70}> (0x00000000d8edfb70) 
thrown [s\src\hotspot\share\prims\jni.cpp, line 517]
Event: 0.197 Thread 0x00000208a43b5910 Exception <a 'java/lang/NoSuchMethodError'{0x00000000d8d1a878}: 'java.lang.Object java.lang.invoke.DirectMethodHandle$Holder.invokeStaticInit(java.lang.Object)'> (0x00000000d8d1a878) 
thrown [s\src\hotspot\share\interpreter\linkResolver.cpp, line 771]
Event: 0.237 Thread 0x00000208a43b5910 Exception <a 'java/lang/NoSuchMethodError'{0x00000000d8c3d090}: 'java.lang.Object java.lang.invoke.DirectMethodHandle$Holder.invokeStaticInit(java.lang.Object, int, int, int, int)'> (0x00000000d8c3d090) 
thrown [s\src\hotspot\share\interpreter\linkResolver.cpp, line 771]
Event: 0.261 Thread 0x00000208a43b5910 Exception <a 'java/lang/NoSuchMethodError'{0x00000000d8c7d2a0}: 'java.lang.Object java.lang.invoke.DirectMethodHandle$Holder.invokeStaticInit(java.lang.Object, java.lang.Object, int, int, int, int)'> (0x00000000d8c7d2a0) 
thrown [s\src\hotspot\share\interpreter\linkResolver.cpp, line 771]
Event: 0.274 Thread 0x00000208a43b5910 Exception <a 'java/lang/NoSuchMethodError'{0x00000000d8cb6f80}: 'void java.lang.invoke.DirectMethodHandle$Holder.invokeStatic(java.lang.Object, java.lang.Object)'> (0x00000000d8cb6f80) 
thrown [s\src\hotspot\share\interpreter\linkResolver.cpp, line 771]
Event: 0.297 Thread 0x00000208a43b5910 Exception <a 'java/lang/NoSuchMethodError'{0x00000000d8a23f70}: 'java.lang.Object java.lang.invoke.Invokers$Holder.linkToTargetMethod(java.lang.Object, long, java.lang.Object)'> (0x00000000d8a23f70) 
thrown [s\src\hotspot\share\interpreter\linkResolver.cpp, line 771]
Event: 0.327 Thread 0x00000208be264f70 Exception <a 'java/lang/NoSuchMethodError'{0x00000000d899bb00}: static [B.<clinit>()V> (0x00000000d899bb00) 
thrown [s\src\hotspot\share\prims\jni.cpp, line 1108]
Event: 0.335 Thread 0x00000208be264f70 Exception <a 'java/lang/NoSuchMethodError'{0x00000000d89cd078}: static [Ljava/rmi/server/ObjID;.<clinit>()V> (0x00000000d89cd078) 
thrown [s\src\hotspot\share\prims\jni.cpp, line 1108]
Event: 0.337 Thread 0x00000208be267ac0 Exception <a 'java/lang/InterruptedException'{0x00000000d89ee0d8}> (0x00000000d89ee0d8) 
thrown [s\src\hotspot\share\runtime\objectMonitor.cpp, line 1648]
Event: 0.338 Thread 0x00000208be267ac0 Exception <a 'java/lang/NoSuchMethodError'{0x00000000d89f6878}: 'java.lang.Object java.lang.invoke.DirectMethodHandle$Holder.newInvokeSpecial(java.lang.Object, java.lang.Object, int, java.lang.Object, long)'> (0x00000000d89f6878) 
thrown [s\src\hotspot\share\interpreter\linkResolver.cpp, line 771]
Event: 0.382 Thread 0x00000208be264f70 Exception <a 'java/lang/NoSuchMethodError'{0x00000000d862ab68}: 'java.lang.Object java.lang.invoke.DirectMethodHandle$Holder.invokeVirtual(java.lang.Object, java.lang.Object, java.lang.Object, java.lang.Object)'> (0x00000000d862ab68) 
thrown [s\src\hotspot\share\interpreter\linkResolver.cpp, line 771]
Event: 0.383 Thread 0x00000208be264f70 Exception <a 'java/lang/NoSuchMethodError'{0x00000000d8633380}: 'void java.lang.invoke.DirectMethodHandle$Holder.invokeStatic(java.lang.Object, java.lang.Object, java.lang.Object, java.lang.Object)'> (0x00000000d8633380) 
thrown [s\src\hotspot\share\interpreter\linkResolver.cpp, line 771]
Event: 0.391 Thread 0x00000208be264f70 Exception <a 'java/lang/NoSuchMethodError'{0x00000000d86a2738}: 'int java.lang.invoke.DirectMethodHandle$Holder.invokeStaticInit(java.lang.Object, java.lang.Object, java.lang.Object, java.lang.Object)'> (0x00000000d86a2738) 
thrown [s\src\hotspot\share\interpreter\linkResolver.cpp, line 771]
Event: 0.392 Thread 0x00000208be264f70 Exception <a 'java/lang/NoSuchMethodError'{0x00000000d86abe60}: 'java.lang.Object java.lang.invoke.DirectMethodHandle$Holder.invokeInterface(java.lang.Object, java.lang.Object)'> (0x00000000d86abe60) 
thrown [s\src\hotspot\share\interpreter\linkResolver.cpp, line 771]
Event: 0.392 Thread 0x00000208be264f70 Exception <a 'java/lang/IncompatibleClassChangeError'{0x00000000d86af6f8}: Found class java.lang.Object, but interface was expected> (0x00000000d86af6f8) 
thrown [s\src\hotspot\share\interpreter\linkResolver.cpp, line 838]
Event: 0.392 Thread 0x00000208be264f70 Exception <a 'java/lang/NoSuchMethodError'{0x00000000d86b25f0}: 'void java.lang.invoke.DirectMethodHandle$Holder.invokeStaticInit(java.lang.Object, java.lang.Object)'> (0x00000000d86b25f0) 
thrown [s\src\hotspot\share\interpreter\linkResolver.cpp, line 771]
Event: 0.394 Thread 0x00000208be264f70 Exception <a 'java/lang/NoSuchMethodError'{0x00000000d86b86e0}: 'int java.lang.invoke.DirectMethodHandle$Holder.invokeStaticInit(java.lang.Object, java.lang.Object)'> (0x00000000d86b86e0) 
thrown [s\src\hotspot\share\interpreter\linkResolver.cpp, line 771]
Event: 0.423 Thread 0x00000208be264f70 Exception <a 'java/lang/NoSuchMethodError'{0x00000000d8588908}: 'int java.lang.invoke.DirectMethodHandle$Holder.invokeSpecial(java.lang.Object, java.lang.Object, java.lang.Object)'> (0x00000000d8588908) 
thrown [s\src\hotspot\share\interpreter\linkResolver.cpp, line 771]

VM Operations (8 events):
Event: 0.106 Executing VM operation: HandshakeAllThreads
Event: 0.106 Executing VM operation: HandshakeAllThreads done
Event: 0.214 Executing VM operation: HandshakeAllThreads
Event: 0.214 Executing VM operation: HandshakeAllThreads done
Event: 0.228 Executing VM operation: HandshakeAllThreads
Event: 0.228 Executing VM operation: HandshakeAllThreads done
Event: 0.386 Executing VM operation: HandshakeAllThreads
Event: 0.386 Executing VM operation: HandshakeAllThreads done

Events (20 events):
Event: 0.550 loading class javax/security/sasl/SaslException
Event: 0.551 loading class javax/security/sasl/SaslException done
Event: 0.553 loading class java/security/NoSuchAlgorithmException
Event: 0.553 loading class java/security/GeneralSecurityException
Event: 0.553 loading class java/security/GeneralSecurityException done
Event: 0.553 loading class java/security/NoSuchAlgorithmException done
Event: 0.554 loading class java/security/NoSuchProviderException
Event: 0.554 loading class java/security/NoSuchProviderException done
Event: 0.554 loading class java/security/spec/InvalidKeySpecException
Event: 0.554 loading class java/security/spec/InvalidKeySpecException done
Event: 0.554 loading class java/security/spec/KeySpec
Event: 0.554 loading class java/security/spec/KeySpec done
Event: 0.554 loading class java/security/InvalidKeyException
Event: 0.554 loading class java/security/KeyException
Event: 0.554 loading class java/security/KeyException done
Event: 0.554 loading class java/security/InvalidKeyException done
Event: 0.554 loading class java/security/Key
Event: 0.554 loading class java/security/Key done
Event: 0.557 loading class java/lang/Character$CharacterCache
Event: 0.557 loading class java/lang/Character$CharacterCache done


Dynamic libraries:
0x00007ff7a6590000 - 0x00007ff7a659a000 	C:\Program Files\JetBrains\IntelliJ IDEA 2022.2.3\jbr\bin\java.exe
0x00007ff8fd5c0000 - 0x00007ff8fd7c9000 	C:\WINDOWS\SYSTEM32\ntdll.dll
0x00007ff8fcb10000 - 0x00007ff8fcbce000 	C:\WINDOWS\System32\KERNEL32.DLL
0x00007ff8fad90000 - 0x00007ff8fb10b000 	C:\WINDOWS\System32\KERNELBASE.dll
0x00007ff8fb320000 - 0x00007ff8fb431000 	C:\WINDOWS\System32\ucrtbase.dll
0x00007ff8d2a60000 - 0x00007ff8d2a7b000 	C:\Program Files\JetBrains\IntelliJ IDEA 2022.2.3\jbr\bin\VCRUNTIME140.dll
0x00007ff8de050000 - 0x00007ff8de067000 	C:\Program Files\JetBrains\IntelliJ IDEA 2022.2.3\jbr\bin\jli.dll
0x00007ff8fd340000 - 0x00007ff8fd4ed000 	C:\WINDOWS\System32\USER32.dll
0x00007ff8faca0000 - 0x00007ff8facc6000 	C:\WINDOWS\System32\win32u.dll
0x00007ff8fc730000 - 0x00007ff8fc759000 	C:\WINDOWS\System32\GDI32.dll
0x00007ff8fab80000 - 0x00007ff8fac98000 	C:\WINDOWS\System32\gdi32full.dll
0x00007ff8de920000 - 0x00007ff8debc5000 	C:\WINDOWS\WinSxS\amd64_microsoft.windows.common-controls_6595b64144ccf1df_6.0.22000.120_none_9d947278b86cc467\COMCTL32.dll
0x00007ff8fb110000 - 0x00007ff8fb1ad000 	C:\WINDOWS\System32\msvcp_win.dll
0x00007ff8fc8d0000 - 0x00007ff8fc973000 	C:\WINDOWS\System32\msvcrt.dll
0x00007ff8fd140000 - 0x00007ff8fd172000 	C:\WINDOWS\System32\IMM32.DLL
0x00007ff8ec5b0000 - 0x00007ff8ec5bc000 	C:\Program Files\JetBrains\IntelliJ IDEA 2022.2.3\jbr\bin\vcruntime140_1.dll
0x00007ff8be030000 - 0x00007ff8be0bd000 	C:\Program Files\JetBrains\IntelliJ IDEA 2022.2.3\jbr\bin\msvcp140.dll
0x00007ff89d9e0000 - 0x00007ff89e649000 	C:\Program Files\JetBrains\IntelliJ IDEA 2022.2.3\jbr\bin\server\jvm.dll
0x00007ff8fc4c0000 - 0x00007ff8fc56e000 	C:\WINDOWS\System32\ADVAPI32.dll
0x00007ff8fbdb0000 - 0x00007ff8fbe4e000 	C:\WINDOWS\System32\sechost.dll
0x00007ff8fc980000 - 0x00007ff8fcaa0000 	C:\WINDOWS\System32\RPCRT4.dll
0x00007ff8fb5e0000 - 0x00007ff8fb5e8000 	C:\WINDOWS\System32\PSAPI.DLL
0x00007ff8f8840000 - 0x00007ff8f8873000 	C:\WINDOWS\SYSTEM32\WINMM.dll
0x00007ff8f4c20000 - 0x00007ff8f4c2a000 	C:\WINDOWS\SYSTEM32\VERSION.dll
0x00007ff8ddad0000 - 0x00007ff8ddad9000 	C:\WINDOWS\SYSTEM32\WSOCK32.dll
0x00007ff8fc2c0000 - 0x00007ff8fc32f000 	C:\WINDOWS\System32\WS2_32.dll
0x00007ff8f9b80000 - 0x00007ff8f9b98000 	C:\WINDOWS\SYSTEM32\kernel.appcore.dll
0x00007ff8f5670000 - 0x00007ff8f567a000 	C:\Program Files\JetBrains\IntelliJ IDEA 2022.2.3\jbr\bin\jimage.dll
0x00007ff8f8440000 - 0x00007ff8f8661000 	C:\WINDOWS\SYSTEM32\DBGHELP.DLL
0x00007ff8f87e0000 - 0x00007ff8f8811000 	C:\WINDOWS\SYSTEM32\dbgcore.DLL
0x00007ff8faa90000 - 0x00007ff8fab0f000 	C:\WINDOWS\System32\bcryptPrimitives.dll
0x00007ff8ec9f0000 - 0x00007ff8eca15000 	C:\Program Files\JetBrains\IntelliJ IDEA 2022.2.3\jbr\bin\java.dll
0x00007ff8ecb30000 - 0x00007ff8ecb48000 	C:\Program Files\JetBrains\IntelliJ IDEA 2022.2.3\jbr\bin\zip.dll
0x00007ff8fb5f0000 - 0x00007ff8fbda8000 	C:\WINDOWS\System32\SHELL32.dll
0x00007ff8f8b80000 - 0x00007ff8f93e5000 	C:\WINDOWS\SYSTEM32\windows.storage.dll
0x00007ff8fbf40000 - 0x00007ff8fc2b8000 	C:\WINDOWS\System32\combase.dll
0x00007ff8f8670000 - 0x00007ff8f87d6000 	C:\WINDOWS\SYSTEM32\wintypes.dll
0x00007ff8fc760000 - 0x00007ff8fc84a000 	C:\WINDOWS\System32\SHCORE.dll
0x00007ff8fc450000 - 0x00007ff8fc4ad000 	C:\WINDOWS\System32\shlwapi.dll
0x00007ff8fa9c0000 - 0x00007ff8fa9e1000 	C:\WINDOWS\SYSTEM32\profapi.dll
0x00007ff8e4c70000 - 0x00007ff8e4c89000 	C:\Program Files\JetBrains\IntelliJ IDEA 2022.2.3\jbr\bin\net.dll
0x00007ff8f5790000 - 0x00007ff8f58a4000 	C:\WINDOWS\SYSTEM32\WINHTTP.dll
0x00007ff8fa050000 - 0x00007ff8fa0b7000 	C:\WINDOWS\system32\mswsock.dll
0x00007ff8e4c50000 - 0x00007ff8e4c66000 	C:\Program Files\JetBrains\IntelliJ IDEA 2022.2.3\jbr\bin\nio.dll
0x00007ff8bcd80000 - 0x00007ff8bcf13000 	C:\Program Files\JetBrains\IntelliJ IDEA 2022.2.3\jbr\bin\awt.dll
0x00007ff8fd1a0000 - 0x00007ff8fd276000 	C:\WINDOWS\System32\OLEAUT32.dll
0x00007ff8f7e60000 - 0x00007ff8f7e8f000 	C:\WINDOWS\SYSTEM32\dwmapi.dll
0x00007ff8f77a0000 - 0x00007ff8f7832000 	C:\WINDOWS\SYSTEM32\apphelp.dll
0x00007ff8f7950000 - 0x00007ff8f79fc000 	C:\WINDOWS\system32\uxtheme.dll
0x00007ff8fc330000 - 0x00007ff8fc44d000 	C:\WINDOWS\System32\MSCTF.dll
0x00007ff8fb440000 - 0x00007ff8fb5da000 	C:\WINDOWS\System32\ole32.dll
0x00007ff8f9630000 - 0x00007ff8f965d000 	C:\WINDOWS\SYSTEM32\IPHLPAPI.DLL
0x00007ff8fc4b0000 - 0x00007ff8fc4b9000 	C:\WINDOWS\System32\NSI.dll
0x00007ff8f35e0000 - 0x00007ff8f35f9000 	C:\WINDOWS\SYSTEM32\dhcpcsvc6.DLL
0x00007ff8f4090000 - 0x00007ff8f40ae000 	C:\WINDOWS\SYSTEM32\dhcpcsvc.DLL
0x00007ff8f9660000 - 0x00007ff8f9748000 	C:\WINDOWS\SYSTEM32\DNSAPI.dll
0x00007ff8fa2e0000 - 0x00007ff8fa2f8000 	C:\WINDOWS\SYSTEM32\CRYPTSP.dll
0x00007ff8f9ae0000 - 0x00007ff8f9b15000 	C:\WINDOWS\system32\rsaenh.dll
0x00007ff8fa190000 - 0x00007ff8fa1b9000 	C:\WINDOWS\SYSTEM32\USERENV.dll
0x00007ff8fa470000 - 0x00007ff8fa497000 	C:\WINDOWS\SYSTEM32\bcrypt.dll
0x00007ff8fa300000 - 0x00007ff8fa30c000 	C:\WINDOWS\SYSTEM32\CRYPTBASE.dll
0x00007ff8d9be0000 - 0x00007ff8d9be7000 	C:\Program Files\JetBrains\IntelliJ IDEA 2022.2.3\jbr\bin\rmi.dll
0x00007ff8edcf0000 - 0x00007ff8edd00000 	C:\Program Files\JetBrains\IntelliJ IDEA 2022.2.3\jbr\bin\verify.dll
0x00007ff8f35d0000 - 0x00007ff8f35da000 	C:\Windows\System32\rasadhlp.dll
0x00007ff8f03c0000 - 0x00007ff8f0441000 	C:\WINDOWS\System32\fwpuclnt.dll
0x00007ff8ec9e0000 - 0x00007ff8ec9e9000 	C:\Program Files\JetBrains\IntelliJ IDEA 2022.2.3\jbr\bin\management.dll
0x00007ff8e4bf0000 - 0x00007ff8e4bfb000 	C:\Program Files\JetBrains\IntelliJ IDEA 2022.2.3\jbr\bin\management_ext.dll
0x00007ff8ece60000 - 0x00007ff8ece6d000 	C:\Program Files\JetBrains\IntelliJ IDEA 2022.2.3\jbr\bin\sunmscapi.dll
0x00007ff8fb1b0000 - 0x00007ff8fb312000 	C:\WINDOWS\System32\CRYPT32.dll
0x00007ff8fa440000 - 0x00007ff8fa468000 	C:\WINDOWS\SYSTEM32\ncrypt.dll
0x00007ff8fa400000 - 0x00007ff8fa437000 	C:\WINDOWS\SYSTEM32\NTASN1.dll

dbghelp: loaded successfully - version: 4.0.5 - missing functions: none
symbol engine: initialized successfully - sym options: 0x614 - pdb path: .;C:\Program Files\JetBrains\IntelliJ IDEA 2022.2.3\jbr\bin;C:\WINDOWS\SYSTEM32;C:\WINDOWS\WinSxS\amd64_microsoft.windows.common-controls_6595b64144ccf1df_6.0.22000.120_none_9d947278b86cc467;C:\Program Files\JetBrains\IntelliJ IDEA 2022.2.3\jbr\bin\server

VM Arguments:
jvm_args: -Dawt.toolkit=com.intellij.desktop.DesktopActionsToolkit -Djava.rmi.server.hostname=127.0.0.1 -Duser.timezone=UTC -Xmx750m -Xms128m --add-exports=java.desktop/sun.awt=ALL-UNNAMED --add-exports=java.desktop/java.awt.peer=ALL-UNNAMED --add-opens=java.desktop/java.awt=ALL-UNNAMED --add-opens=jdk.unsupported/sun.misc=ALL-UNNAMED --add-opens=java.base/java.nio=ALL-UNNAMED -Dfile.encoding=UTF-8 
java_command: com.intellij.database.remote.RemoteJdbcServer org.postgresql.Driver
java_class_path (initial): C:\Program Files\JetBrains\IntelliJ IDEA 2022.2.3\lib\util_rt.jar;C:\Program Files\JetBrains\IntelliJ IDEA 2022.2.3\lib\util.jar;C:\Program Files\JetBrains\IntelliJ IDEA 2022.2.3\lib\groovy.jar;C:\Program Files\JetBrains\IntelliJ IDEA 2022.2.3\plugins\DatabaseTools\lib\jdbc-console.jar;C:\Users\andre\AppData\Roaming\JetBrains\IntelliJIdea2022.2\jdbc-drivers\PostgreSQL\42.5.0\org\postgresql\postgresql\42.5.0\postgresql-42.5.0.jar;C:\Users\andre\AppData\Roaming\JetBrains\IntelliJIdea2022.2\jdbc-drivers\PostgreSQL\42.5.0\org\checkerframework\checker-qual\3.5.0\checker-qual-3.5.0.jar;C:\Users\andre\AppData\Roaming\JetBrains\IntelliJIdea2022.2\jdbc-drivers\PostgreSQL\42.5.0\net\java\dev\jna\jna-platform\4.5.1\jna-platform-4.5.1.jar;C:\Users\andre\AppData\Roaming\JetBrains\IntelliJIdea2022.2\jdbc-drivers\PostgreSQL\42.5.0\net\java\dev\jna\jna\4.5.1\jna-4.5.1.jar;C:\Users\andre\AppData\Roaming\JetBrains\IntelliJIdea2022.2\jdbc-drivers\PostgreSQL\42.5.0\com\github\waffle\waffle-jna\1.9.1\waffle-jna-1.9.1.jar;C:\Users\andre\AppData\Roaming\JetBrains\IntelliJIdea2022.2\jdbc-drivers\PostgreSQL\42.5.0\org\slf4j\jcl-over-slf4j\1.7.25\jcl-over-slf4j-1.7.25.jar;C:\Users\andre\AppData\Roaming\JetBrains\IntelliJIdea2022.2\jdbc-drivers\PostgreSQL\42.5.0\org\slf4j\slf4j-api\1.7.25\slf4j-api-1.7.25.jar;C:\Users\andre\AppData\Roaming\JetBrains\IntelliJIdea2022.2\jdbc-drivers\PostgreSQL\42.5.0\com\github\ben-manes\caffeine\caffeine\2.6.2\caffeine-2.6.2.jar
Launcher Type: SUN_STANDARD

[Global flags]
     intx CICompilerCount                          = 4                                         {product} {ergonomic}
     uint ConcGCThreads                            = 2                                         {product} {ergonomic}
     uint G1ConcRefinementThreads                  = 8                                         {product} {ergonomic}
   size_t G1HeapRegionSize                         = 1048576                                   {product} {ergonomic}
    uintx GCDrainStackTargetSize                   = 64                                        {product} {ergonomic}
   size_t InitialHeapSize                          = 134217728                                 {product} {command line}
   size_t MarkStackSize                            = 4194304                                   {product} {ergonomic}
   size_t MaxHeapSize                              = 786432000                                 {product} {command line}
   size_t MaxNewSize                               = 471859200                                 {product} {ergonomic}
   size_t MinHeapDeltaBytes                        = 1048576                                   {product} {ergonomic}
   size_t MinHeapSize                              = 134217728                                 {product} {command line}
    uintx NonNMethodCodeHeapSize                   = 5839372                                {pd product} {ergonomic}
    uintx NonProfiledCodeHeapSize                  = 122909434                              {pd product} {ergonomic}
    uintx ProfiledCodeHeapSize                     = 122909434                              {pd product} {ergonomic}
    uintx ReservedCodeCacheSize                    = 251658240                              {pd product} {ergonomic}
     bool SegmentedCodeCache                       = true                                      {product} {ergonomic}
   size_t SoftMaxHeapSize                          = 786432000                              {manageable} {ergonomic}
     bool UseCompressedClassPointers               = true                           {product lp64_product} {ergonomic}
     bool UseCompressedOops                        = true                           {product lp64_product} {ergonomic}
     bool UseG1GC                                  = true                                      {product} {ergonomic}
     bool UseLargePagesIndividualAllocation        = false                                  {pd product} {ergonomic}

Logging:
Log output configuration:
 #0: stdout all=warning uptime,level,tags
 #1: stderr all=off uptime,level,tags

Environment Variables:
PATH=C:\Program Files\Common Files\Oracle\Java\javapath;C:\WINDOWS\system32;C:\WINDOWS;C:\WINDOWS\System32\Wbem;C:\WINDOWS\System32\WindowsPowerShell\v1.0\;C:\WINDOWS\System32\OpenSSH\;C:\Program Files\PuTTY\;C:\Program Files\dotnet\;C:\Program Files\Microsoft SQL Server\Client SDK\ODBC\170\Tools\Binn\;C:\Program Files (x86)\Microsoft SQL Server\150\Tools\Binn\;C:\Program Files\Microsoft SQL Server\150\Tools\Binn\;C:\Program Files\Microsoft SQL Server\150\DTS\Binn\;C:\Program Files (x86)\Microsoft SQL Server\150\DTS\Binn\;C:\Program Files\Azure Data Studio\bin;C:\Users\andre\AppData\Local\Microsoft\WindowsApps;C:\Users\andre\AppData\Local\Programs\Microsoft VS Code\bin;C:\OJI\FP\bin\i386-Win32;C:\msys64\mingw64\bin;;C:\Program Files\JetBrains\IntelliJ IDEA 2022.2.3\bin;;C:\Program Files\Azure Data Studio\bin
USERNAME=andre
OS=Windows_NT
PROCESSOR_IDENTIFIER=Intel64 Family 6 Model 140 Stepping 1, GenuineIntel
TMP=C:\Users\andre\AppData\Local\Temp
TEMP=C:\Users\andre\AppData\Local\Temp



---------------  S Y S T E M  ---------------

OS:
 Windows 11 , 64 bit Build 22000 (10.0.22000.1219)
OS uptime: 17 days 4:22 hours

CPU: total 8 (initial active 8) (4 cores per cpu, 2 threads per core) family 6 model 140 stepping 1 microcode 0x8a, cx8, cmov, fxsr, ht, mmx, 3dnowpref, sse, sse2, sse3, ssse3, sse4.1, sse4.2, popcnt, lzcnt, tsc, tscinvbit, avx, avx2, aes, erms, clmul, bmi1, bmi2, adx, avx512f, avx512dq, avx512cd, avx512bw, avx512vl, sha, fma, vzeroupper, avx512_vpopcntdq, avx512_vpclmulqdq, avx512_vaes, avx512_vnni, clflush, clflushopt, clwb, avx512_vbmi2, avx512_vbmi

Memory: 4k page, system-wide physical 7991M (368M free)
TotalPageFile size 18923M (AvailPageFile size 3M)
current process WorkingSet (physical memory assigned to process): 72M, peak: 72M
current process commit charge ("private bytes"): 223M, peak: 223M

vm_info: OpenJDK 64-Bit Server VM (17.0.4.1+7-b469.62) for windows-amd64 JRE (17.0.4.1+7-b469.62), built on 2022-09-22 by "builduser" with MS VC++ 16.10 / 16.11 (VS2019)

END.
