#
# There is insufficient memory for the Java Runtime Environment to continue.
# Native memory allocation (mmap) failed to map 132120576 bytes for G1 virtual space
# Possible reasons:
#   The system is out of physical RAM or swap space
#   The process is running with CompressedOops enabled, and the Java Heap may be blocking the growth of the native heap
# Possible solutions:
#   Reduce memory load on the system
#   Increase physical memory or swap space
#   Check if swap backing store is full
#   Decrease Java heap size (-Xmx/-Xms)
#   Decrease number of Java threads
#   Decrease Java thread stack sizes (-Xss)
#   Set larger code cache with -XX:ReservedCodeCacheSize=
#   JVM is running with Unscaled Compressed Oops mode in which the Java heap is
#     placed in the first 4GB address space. The Java Heap base address is the
#     maximum limit for the native heap growth. Please use -XX:HeapBaseMinAddress
#     to set the Java Heap base and to place the Java Heap above 4GB virtual address.
# This output file may be truncated or incomplete.
#
#  Out of Memory Error (os_windows.cpp:3535), pid=58516, tid=45564
#
# JRE version:  (17.0.4.1+1) (build )
# Java VM: Java HotSpot(TM) 64-Bit Server VM (17.0.4.1+1-LTS-2, mixed mode, sharing, tiered, compressed oops, compressed class ptrs, g1 gc, windows-amd64)
# No core dump will be written. Minidumps are not enabled by default on client versions of Windows
#

---------------  S U M M A R Y ------------

Command Line: -javaagent:C:\Program Files\JetBrains\IntelliJ IDEA 2022.2.3\lib\idea_rt.jar=53571:C:\Program Files\JetBrains\IntelliJ IDEA 2022.2.3\bin -Dfile.encoding=UTF-8 --module-path=D:\FACULTATE\AN 2\MAP\LABS\LABORATOR 6\SAPT10GUI\target\classes;C:\Users\andre\.m2\repository\org\openjfx\javafx-base\17.0.2\javafx-base-17.0.2-win.jar;C:\Users\andre\.m2\repository\org\openjfx\javafx-graphics\17.0.2\javafx-graphics-17.0.2-win.jar;C:\Users\andre\.m2\repository\org\openjfx\javafx-fxml\17.0.2\javafx-fxml-17.0.2-win.jar;C:\Users\andre\.m2\repository\org\openjfx\javafx-controls\17.0.2\javafx-controls-17.0.2-win.jar -Djdk.module.main=com.example.sapt10gui com.example.sapt10gui/com.HelloApplication

Host: 11th Gen Intel(R) Core(TM) i5-1135G7 @ 2.40GHz, 8 cores, 7G,  Windows 11 , 64 bit Build 22000 (10.0.22000.1219)
Time: Wed Dec  7 23:48:21 2022 GTB Standard Time elapsed time: 0.013267 seconds (0d 0h 0m 0s)

---------------  T H R E A D  ---------------

Current thread (0x00000180ab50f8f0):  JavaThread "Unknown thread" [_thread_in_vm, id=45564, stack(0x0000000367200000,0x0000000367300000)]

Stack: [0x0000000367200000,0x0000000367300000]
Native frames: (J=compiled Java code, j=interpreted, Vv=VM code, C=native code)
V  [jvm.dll+0x6723ba]
V  [jvm.dll+0x7d1e34]
V  [jvm.dll+0x7d35de]
V  [jvm.dll+0x7d3c43]
V  [jvm.dll+0x243065]
V  [jvm.dll+0x66f2d9]
V  [jvm.dll+0x663c22]
V  [jvm.dll+0x3011cb]
V  [jvm.dll+0x308766]
V  [jvm.dll+0x35846e]
V  [jvm.dll+0x35869f]
V  [jvm.dll+0x2d83e8]
V  [jvm.dll+0x2d9354]
V  [jvm.dll+0x7a3911]
V  [jvm.dll+0x3662c1]
V  [jvm.dll+0x782d7c]
V  [jvm.dll+0x3e8c1f]
V  [jvm.dll+0x3ea6c1]
C  [jli.dll+0x527b]
C  [ucrtbase.dll+0x26c0c]
C  [KERNEL32.DLL+0x15550]
C  [ntdll.dll+0x485b]


---------------  P R O C E S S  ---------------

Threads class SMR info:
_java_thread_list=0x00007ff88e30a858, length=0, elements={
}

Java Threads: ( => current thread )

Other Threads:
  0x00000180ab56b7a0 GCTaskThread "GC Thread#0" [stack: 0x0000000367300000,0x0000000367400000] [id=74180]
  0x00000180ab57c200 ConcurrentGCThread "G1 Main Marker" [stack: 0x0000000367400000,0x0000000367500000] [id=86028]
  0x00000180ab57cc10 ConcurrentGCThread "G1 Conc#0" [stack: 0x0000000367500000,0x0000000367600000] [id=82364]

[error occurred during error reporting (printing all threads), id 0xc0000005, EXCEPTION_ACCESS_VIOLATION (0xc0000005) at pc=0x00007ff88db58dd7]

VM state: not at safepoint (not fully initialized)

VM Mutex/Monitor currently owned by a thread:  ([mutex/lock_event])
[0x00000180ab50bb90] Heap_lock - owner thread: 0x00000180ab50f8f0

Heap address: 0x0000000083200000, size: 1998 MB, Compressed Oops mode: 32-bit

CDS archive(s) mapped at: [0x0000000000000000-0x0000000000000000-0x0000000000000000), size 0, SharedBaseAddress: 0x0000000800000000, ArchiveRelocationMode: 0.
Narrow klass base: 0x0000000000000000, Narrow klass shift: 0, Narrow klass range: 0x0

GC Precious Log:
<Empty>

Heap:
 garbage-first heap   total 0K, used 0K [0x0000000083200000, 0x0000000100000000)
  region size 1024K, 0 young (0K), 0 survivors (0K)

[error occurred during error reporting (printing heap information), id 0xc0000005, EXCEPTION_ACCESS_VIOLATION (0xc0000005) at pc=0x00007ff88df3b869]

GC Heap History (0 events):
No events

Deoptimization events (0 events):
No events

Classes unloaded (0 events):
No events

Classes redefined (0 events):
No events

Internal exceptions (0 events):
No events

VM Operations (0 events):
No events

Events (1 events):
Event: 0.008 Loaded shared library C:\Program Files\Java\jdk-17.0.4.1\bin\java.dll


Dynamic libraries:
0x00007ff7605b0000 - 0x00007ff7605c0000 	C:\Program Files\Java\jdk-17.0.4.1\bin\java.exe
0x00007ff8fd5c0000 - 0x00007ff8fd7c9000 	C:\WINDOWS\SYSTEM32\ntdll.dll
0x00007ff8fcb10000 - 0x00007ff8fcbce000 	C:\WINDOWS\System32\KERNEL32.DLL
0x00007ff8fad90000 - 0x00007ff8fb10b000 	C:\WINDOWS\System32\KERNELBASE.dll
0x00007ff8fb320000 - 0x00007ff8fb431000 	C:\WINDOWS\System32\ucrtbase.dll
0x00007ff8ed430000 - 0x00007ff8ed44a000 	C:\Program Files\Java\jdk-17.0.4.1\bin\VCRUNTIME140.dll
0x00007ff8edb50000 - 0x00007ff8edb68000 	C:\Program Files\Java\jdk-17.0.4.1\bin\jli.dll
0x00007ff8fc4c0000 - 0x00007ff8fc56e000 	C:\WINDOWS\System32\ADVAPI32.dll
0x00007ff8fc8d0000 - 0x00007ff8fc973000 	C:\WINDOWS\System32\msvcrt.dll
0x00007ff8fbdb0000 - 0x00007ff8fbe4e000 	C:\WINDOWS\System32\sechost.dll
0x00007ff8fc980000 - 0x00007ff8fcaa0000 	C:\WINDOWS\System32\RPCRT4.dll
0x00007ff8fd340000 - 0x00007ff8fd4ed000 	C:\WINDOWS\System32\USER32.dll
0x00007ff8faca0000 - 0x00007ff8facc6000 	C:\WINDOWS\System32\win32u.dll
0x00007ff8de920000 - 0x00007ff8debc5000 	C:\WINDOWS\WinSxS\amd64_microsoft.windows.common-controls_6595b64144ccf1df_6.0.22000.120_none_9d947278b86cc467\COMCTL32.dll
0x00007ff8fc730000 - 0x00007ff8fc759000 	C:\WINDOWS\System32\GDI32.dll
0x00007ff8fab80000 - 0x00007ff8fac98000 	C:\WINDOWS\System32\gdi32full.dll
0x00007ff8fb110000 - 0x00007ff8fb1ad000 	C:\WINDOWS\System32\msvcp_win.dll
0x00007ff8f4c20000 - 0x00007ff8f4c2a000 	C:\WINDOWS\SYSTEM32\VERSION.dll
0x00007ff8fd140000 - 0x00007ff8fd172000 	C:\WINDOWS\System32\IMM32.DLL
0x00007ff8ed5a0000 - 0x00007ff8ed5ac000 	C:\Program Files\Java\jdk-17.0.4.1\bin\vcruntime140_1.dll
0x00007ff8cb720000 - 0x00007ff8cb7ad000 	C:\Program Files\Java\jdk-17.0.4.1\bin\msvcp140.dll
0x00007ff88d870000 - 0x00007ff88e432000 	C:\Program Files\Java\jdk-17.0.4.1\bin\server\jvm.dll
0x00007ff8fb5e0000 - 0x00007ff8fb5e8000 	C:\WINDOWS\System32\PSAPI.DLL
0x00007ff8ddad0000 - 0x00007ff8ddad9000 	C:\WINDOWS\SYSTEM32\WSOCK32.dll
0x00007ff8f8840000 - 0x00007ff8f8873000 	C:\WINDOWS\SYSTEM32\WINMM.dll
0x00007ff8fc2c0000 - 0x00007ff8fc32f000 	C:\WINDOWS\System32\WS2_32.dll
0x00007ff8f9b80000 - 0x00007ff8f9b98000 	C:\WINDOWS\SYSTEM32\kernel.appcore.dll
0x00007ff8ed470000 - 0x00007ff8ed47a000 	C:\Program Files\Java\jdk-17.0.4.1\bin\jimage.dll
0x00007ff8f8440000 - 0x00007ff8f8661000 	C:\WINDOWS\SYSTEM32\DBGHELP.DLL
0x00007ff8f87e0000 - 0x00007ff8f8811000 	C:\WINDOWS\SYSTEM32\dbgcore.DLL
0x00007ff8faa90000 - 0x00007ff8fab0f000 	C:\WINDOWS\System32\bcryptPrimitives.dll
0x00007ff8ece60000 - 0x00007ff8ece6e000 	C:\Program Files\Java\jdk-17.0.4.1\bin\instrument.dll
0x00007ff8df7d0000 - 0x00007ff8df7f5000 	C:\Program Files\Java\jdk-17.0.4.1\bin\java.dll

dbghelp: loaded successfully - version: 4.0.5 - missing functions: none
symbol engine: initialized successfully - sym options: 0x614 - pdb path: .;C:\Program Files\Java\jdk-17.0.4.1\bin;C:\WINDOWS\SYSTEM32;C:\WINDOWS\WinSxS\amd64_microsoft.windows.common-controls_6595b64144ccf1df_6.0.22000.120_none_9d947278b86cc467;C:\Program Files\Java\jdk-17.0.4.1\bin\server

VM Arguments:
jvm_args: -javaagent:C:\Program Files\JetBrains\IntelliJ IDEA 2022.2.3\lib\idea_rt.jar=53571:C:\Program Files\JetBrains\IntelliJ IDEA 2022.2.3\bin -Dfile.encoding=UTF-8 --module-path=D:\FACULTATE\AN 2\MAP\LABS\LABORATOR 6\SAPT10GUI\target\classes;C:\Users\andre\.m2\repository\org\openjfx\javafx-base\17.0.2\javafx-base-17.0.2-win.jar;C:\Users\andre\.m2\repository\org\openjfx\javafx-graphics\17.0.2\javafx-graphics-17.0.2-win.jar;C:\Users\andre\.m2\repository\org\openjfx\javafx-fxml\17.0.2\javafx-fxml-17.0.2-win.jar;C:\Users\andre\.m2\repository\org\openjfx\javafx-controls\17.0.2\javafx-controls-17.0.2-win.jar -Djdk.module.main=com.example.sapt10gui 
java_command: com.example.sapt10gui/com.HelloApplication
java_class_path (initial): D:\DESCARCARI\postgresql-42.5.0.jar;C:\Users\andre\.m2\repository\org\openjfx\javafx-controls\17.0.2\javafx-controls-17.0.2.jar;C:\Users\andre\.m2\repository\org\openjfx\javafx-graphics\17.0.2\javafx-graphics-17.0.2.jar;C:\Users\andre\.m2\repository\org\openjfx\javafx-base\17.0.2\javafx-base-17.0.2.jar;C:\Users\andre\.m2\repository\org\openjfx\javafx-fxml\17.0.2\javafx-fxml-17.0.2.jar
Launcher Type: SUN_STANDARD

[Global flags]
     intx CICompilerCount                          = 4                                         {product} {ergonomic}
     uint ConcGCThreads                            = 2                                         {product} {ergonomic}
     uint G1ConcRefinementThreads                  = 8                                         {product} {ergonomic}
   size_t G1HeapRegionSize                         = 1048576                                   {product} {ergonomic}
    uintx GCDrainStackTargetSize                   = 64                                        {product} {ergonomic}
   size_t InitialHeapSize                          = 132120576                                 {product} {ergonomic}
   size_t MarkStackSize                            = 4194304                                   {product} {ergonomic}
   size_t MaxHeapSize                              = 2095054848                                {product} {ergonomic}
   size_t MinHeapDeltaBytes                        = 1048576                                   {product} {ergonomic}
   size_t MinHeapSize                              = 8388608                                   {product} {ergonomic}
    uintx NonNMethodCodeHeapSize                   = 5839372                                {pd product} {ergonomic}
    uintx NonProfiledCodeHeapSize                  = 122909434                              {pd product} {ergonomic}
    uintx ProfiledCodeHeapSize                     = 122909434                              {pd product} {ergonomic}
    uintx ReservedCodeCacheSize                    = 251658240                              {pd product} {ergonomic}
     bool SegmentedCodeCache                       = true                                      {product} {ergonomic}
   size_t SoftMaxHeapSize                          = 2095054848                             {manageable} {ergonomic}
     bool UseCompressedClassPointers               = true                           {product lp64_product} {ergonomic}
     bool UseCompressedOops                        = true                           {product lp64_product} {ergonomic}
     bool UseG1GC                                  = true                                      {product} {ergonomic}
     bool UseLargePagesIndividualAllocation        = false                                  {pd product} {ergonomic}

Logging:
Log output configuration:
 #0: stdout all=warning uptime,level,tags
 #1: stderr all=off uptime,level,tags

Environment Variables:
PATH=C:\Program Files\Common Files\Oracle\Java\javapath;C:\WINDOWS\system32;C:\WINDOWS;C:\WINDOWS\System32\Wbem;C:\WINDOWS\System32\WindowsPowerShell\v1.0\;C:\WINDOWS\System32\OpenSSH\;C:\Program Files\PuTTY\;C:\Program Files\dotnet\;C:\Program Files\Microsoft SQL Server\Client SDK\ODBC\170\Tools\Binn\;C:\Program Files (x86)\Microsoft SQL Server\150\Tools\Binn\;C:\Program Files\Microsoft SQL Server\150\Tools\Binn\;C:\Program Files\Microsoft SQL Server\150\DTS\Binn\;C:\Program Files (x86)\Microsoft SQL Server\150\DTS\Binn\;C:\Program Files\Azure Data Studio\bin;C:\Users\andre\AppData\Local\Microsoft\WindowsApps;C:\Users\andre\AppData\Local\Programs\Microsoft VS Code\bin;C:\OJI\FP\bin\i386-Win32;C:\msys64\mingw64\bin;;C:\Program Files\JetBrains\IntelliJ IDEA 2022.2.3\bin;;C:\Program Files\Azure Data Studio\bin
USERNAME=andre
OS=Windows_NT
PROCESSOR_IDENTIFIER=Intel64 Family 6 Model 140 Stepping 1, GenuineIntel



---------------  S Y S T E M  ---------------

OS:
 Windows 11 , 64 bit Build 22000 (10.0.22000.1219)
OS uptime: 17 days 5:55 hours

CPU: total 8 (initial active 8) (4 cores per cpu, 2 threads per core) family 6 model 140 stepping 1 microcode 0x8a, cx8, cmov, fxsr, ht, mmx, 3dnowpref, sse, sse2, sse3, ssse3, sse4.1, sse4.2, popcnt, lzcnt, tsc, tscinvbit, avx, avx2, aes, erms, clmul, bmi1, bmi2, adx, avx512f, avx512dq, avx512cd, avx512bw, avx512vl, sha, fma, vzeroupper, avx512_vpopcntdq, avx512_vpclmulqdq, avx512_vaes, avx512_vnni, clflush, clflushopt, clwb, avx512_vbmi2, avx512_vbmi

Memory: 4k page, system-wide physical 7991M (605M free)
TotalPageFile size 18923M (AvailPageFile size 58M)
current process WorkingSet (physical memory assigned to process): 10M, peak: 10M
current process commit charge ("private bytes"): 60M, peak: 186M

vm_info: Java HotSpot(TM) 64-Bit Server VM (17.0.4.1+1-LTS-2) for windows-amd64 JRE (17.0.4.1+1-LTS-2), built on Aug 16 2022 18:32:06 by "mach5one" with MS VC++ 16.8 / 16.9 (VS2019)

END.
